Loading python/3.10.13/tkc7o4o
  Loading requirement: gcc-runtime/13.2.0/yimvxxm bzip2/1.0.8/itttwfv
    libmd/1.0.4/yaohqo4 libbsd/0.11.7/7647dt7 expat/2.6.0/f7jp3b5
    ncurses/6.4/zqsx2w2 readline/8.2/hmsgdsx gdbm/1.23/gtrssid
    libiconv/1.17/pmxhi4x xz/5.4.6/uxouxrg zlib-ng/2.1.5/uctcqfl
    libxml2/2.10.3/vdqe2g3 pigz/2.8/pmmdaqf zstd/1.5.5/juuobg2 tar/1.34/5prin2y
    gettext/0.22.4/iy5z4el libffi/3.4.4/vqf2avv libxcrypt/4.4.35/zvatbxx
    openssl/3.2.1/zbl47cr sqlite/3.43.2/o22u32h util-linux-uuid/2.38.1/mse45hb
Loading cuda/12.8.0/4fdo42o
  Loading requirement: gcc-runtime/13.2.0/s3f7i6x libiconv/1.17/43rr47g
    xz/5.4.6/dnpbdlz zlib-ng/2.1.6/wmsrr57 libxml2/2.10.3/slxho4w
Requirement already satisfied: torch in ./venv/lib/python3.10/site-packages (from -r requirements.txt (line 1)) (2.6.0)
Requirement already satisfied: torchaudio in ./venv/lib/python3.10/site-packages (from -r requirements.txt (line 2)) (2.6.0)
Requirement already satisfied: matplotlib in ./venv/lib/python3.10/site-packages (from -r requirements.txt (line 3)) (3.10.1)
Requirement already satisfied: numpy in ./venv/lib/python3.10/site-packages (from -r requirements.txt (line 4)) (2.2.3)
Requirement already satisfied: tqdm in ./venv/lib/python3.10/site-packages (from -r requirements.txt (line 5)) (4.67.1)
Requirement already satisfied: soundfile in ./venv/lib/python3.10/site-packages (from -r requirements.txt (line 6)) (0.13.1)
Requirement already satisfied: jiwer in ./venv/lib/python3.10/site-packages (from -r requirements.txt (line 7)) (3.1.0)
Requirement already satisfied: fsspec in ./venv/lib/python3.10/site-packages (from torch->-r requirements.txt (line 1)) (2025.2.0)
Requirement already satisfied: nvidia-cusolver-cu12==11.6.1.9 in ./venv/lib/python3.10/site-packages (from torch->-r requirements.txt (line 1)) (11.6.1.9)
Requirement already satisfied: nvidia-cusparse-cu12==12.3.1.170 in ./venv/lib/python3.10/site-packages (from torch->-r requirements.txt (line 1)) (12.3.1.170)
Requirement already satisfied: jinja2 in ./venv/lib/python3.10/site-packages (from torch->-r requirements.txt (line 1)) (3.1.6)
Requirement already satisfied: nvidia-cuda-nvrtc-cu12==12.4.127 in ./venv/lib/python3.10/site-packages (from torch->-r requirements.txt (line 1)) (12.4.127)
Requirement already satisfied: nvidia-cudnn-cu12==9.1.0.70 in ./venv/lib/python3.10/site-packages (from torch->-r requirements.txt (line 1)) (9.1.0.70)
Requirement already satisfied: nvidia-nccl-cu12==2.21.5 in ./venv/lib/python3.10/site-packages (from torch->-r requirements.txt (line 1)) (2.21.5)
Requirement already satisfied: sympy==1.13.1 in ./venv/lib/python3.10/site-packages (from torch->-r requirements.txt (line 1)) (1.13.1)
Requirement already satisfied: filelock in ./venv/lib/python3.10/site-packages (from torch->-r requirements.txt (line 1)) (3.17.0)
Requirement already satisfied: nvidia-cusparselt-cu12==0.6.2 in ./venv/lib/python3.10/site-packages (from torch->-r requirements.txt (line 1)) (0.6.2)
Requirement already satisfied: networkx in ./venv/lib/python3.10/site-packages (from torch->-r requirements.txt (line 1)) (3.4.2)
Requirement already satisfied: nvidia-cublas-cu12==12.4.5.8 in ./venv/lib/python3.10/site-packages (from torch->-r requirements.txt (line 1)) (12.4.5.8)
Requirement already satisfied: nvidia-nvtx-cu12==12.4.127 in ./venv/lib/python3.10/site-packages (from torch->-r requirements.txt (line 1)) (12.4.127)
Requirement already satisfied: nvidia-cuda-runtime-cu12==12.4.127 in ./venv/lib/python3.10/site-packages (from torch->-r requirements.txt (line 1)) (12.4.127)
Requirement already satisfied: nvidia-curand-cu12==10.3.5.147 in ./venv/lib/python3.10/site-packages (from torch->-r requirements.txt (line 1)) (10.3.5.147)
Requirement already satisfied: triton==3.2.0 in ./venv/lib/python3.10/site-packages (from torch->-r requirements.txt (line 1)) (3.2.0)
Requirement already satisfied: typing-extensions>=4.10.0 in ./venv/lib/python3.10/site-packages (from torch->-r requirements.txt (line 1)) (4.12.2)
Requirement already satisfied: nvidia-cufft-cu12==11.2.1.3 in ./venv/lib/python3.10/site-packages (from torch->-r requirements.txt (line 1)) (11.2.1.3)
Requirement already satisfied: nvidia-nvjitlink-cu12==12.4.127 in ./venv/lib/python3.10/site-packages (from torch->-r requirements.txt (line 1)) (12.4.127)
Requirement already satisfied: nvidia-cuda-cupti-cu12==12.4.127 in ./venv/lib/python3.10/site-packages (from torch->-r requirements.txt (line 1)) (12.4.127)
Requirement already satisfied: mpmath<1.4,>=1.1.0 in ./venv/lib/python3.10/site-packages (from sympy==1.13.1->torch->-r requirements.txt (line 1)) (1.3.0)
Requirement already satisfied: packaging>=20.0 in ./venv/lib/python3.10/site-packages (from matplotlib->-r requirements.txt (line 3)) (24.2)
Requirement already satisfied: contourpy>=1.0.1 in ./venv/lib/python3.10/site-packages (from matplotlib->-r requirements.txt (line 3)) (1.3.1)
Requirement already satisfied: python-dateutil>=2.7 in ./venv/lib/python3.10/site-packages (from matplotlib->-r requirements.txt (line 3)) (2.9.0.post0)
Requirement already satisfied: cycler>=0.10 in ./venv/lib/python3.10/site-packages (from matplotlib->-r requirements.txt (line 3)) (0.12.1)
Requirement already satisfied: kiwisolver>=1.3.1 in ./venv/lib/python3.10/site-packages (from matplotlib->-r requirements.txt (line 3)) (1.4.8)
Requirement already satisfied: pillow>=8 in ./venv/lib/python3.10/site-packages (from matplotlib->-r requirements.txt (line 3)) (11.1.0)
Requirement already satisfied: pyparsing>=2.3.1 in ./venv/lib/python3.10/site-packages (from matplotlib->-r requirements.txt (line 3)) (3.2.1)
Requirement already satisfied: fonttools>=4.22.0 in ./venv/lib/python3.10/site-packages (from matplotlib->-r requirements.txt (line 3)) (4.56.0)
Requirement already satisfied: cffi>=1.0 in ./venv/lib/python3.10/site-packages (from soundfile->-r requirements.txt (line 6)) (1.17.1)
Requirement already satisfied: rapidfuzz>=3.9.7 in ./venv/lib/python3.10/site-packages (from jiwer->-r requirements.txt (line 7)) (3.12.2)
Requirement already satisfied: click>=8.1.8 in ./venv/lib/python3.10/site-packages (from jiwer->-r requirements.txt (line 7)) (8.1.8)
Requirement already satisfied: pycparser in ./venv/lib/python3.10/site-packages (from cffi>=1.0->soundfile->-r requirements.txt (line 6)) (2.22)
Requirement already satisfied: six>=1.5 in ./venv/lib/python3.10/site-packages (from python-dateutil>=2.7->matplotlib->-r requirements.txt (line 3)) (1.17.0)
Requirement already satisfied: MarkupSafe>=2.0 in ./venv/lib/python3.10/site-packages (from jinja2->torch->-r requirements.txt (line 1)) (3.0.2)

[notice] A new release of pip is available: 23.0.1 -> 25.0.1
[notice] To update, run: pip install --upgrade pip
Using CUDA
Loading checkpoint from ./checkpoints/best_model.pt
Loaded checkpoint from epoch 17

Testing model on 5 samples from test-clean...
- Batch size: 64
- Test samples: 2620
- Device: cuda
- Model parameters: 4,760,156
Testing:   0%|          | 0/41 [00:00<?, ?it/s]Testing:   0%|          | 0/41 [00:00<?, ?it/s]
Unique prediction indices: [0 5]
Unique prediction indices: [0 5]
Unique prediction indices: [0 5]
Unique prediction indices: [0 5]
Unique prediction indices: [0 5]
Unique prediction indices: [0 5]
Unique prediction indices: [0 5]
Unique prediction indices: [0 5]
Unique prediction indices: [0 5]
Unique prediction indices: [0 5]
Unique prediction indices: [0 5]
Unique prediction indices: [0 5]
Unique prediction indices: [0 5]
Unique prediction indices: [0 5]
Unique prediction indices: [0 5]
Unique prediction indices: [0 5]
Unique prediction indices: [0 5]
Unique prediction indices: [0 5]
Unique prediction indices: [0 5]
Unique prediction indices: [0 5]
Unique prediction indices: [0 5]
Unique prediction indices: [0 5]
Unique prediction indices: [0 5]
Unique prediction indices: [0 5]
Unique prediction indices: [0 5]
Unique prediction indices: [0 5]
Unique prediction indices: [0 5]
Unique prediction indices: [0 5]
Unique prediction indices: [0 5]
Unique prediction indices: [0 5]
Unique prediction indices: [0 5]
Unique prediction indices: [0 5]
Unique prediction indices: [0 5]
Unique prediction indices: [0 5]
Unique prediction indices: [0 5]
Unique prediction indices: [0 5]
Unique prediction indices: [0 5]
Unique prediction indices: [0 5]
Unique prediction indices: [0 5]
Unique prediction indices: [0 5]
Unique prediction indices: [0 5]
Unique prediction indices: [0 5]
Unique prediction indices: [0 5]
Unique prediction indices: [0 5]
Unique prediction indices: [0 5]
Unique prediction indices: [0 5]
Unique prediction indices: [0 5]
Unique prediction indices: [0 5]
Unique prediction indices: [0 5]
Unique prediction indices: [0 5]
Unique prediction indices: [0 5]
Unique prediction indices: [0 5]
Unique prediction indices: [0 5]
Unique prediction indices: [0 5]
Unique prediction indices: [0 5]
Unique prediction indices: [0 5]
Unique prediction indices: [0 5]
Unique prediction indices: [0 5]
Unique prediction indices: [0 5]
Unique prediction indices: [0 5]
Unique prediction indices: [0 5]
Unique prediction indices: [0 5]
Unique prediction indices: [0 5]
Unique prediction indices: [0 5]

Test Results:

Sample 1:
Ground Truth: he hoped there would be stew for dinner turnips and carrots and bruised potatoes and fat mutton pieces to be ladled out in thick peppered flour fattened sauce
Prediction: e
CER: 0.9937
WER: 1.0000

Sample 2:
Ground Truth: stuff it into you his belly counselled him
Prediction: e
CER: 0.9762
WER: 1.0000

Sample 3:
Ground Truth: after early nightfall the yellow lamps would light up here and there the squalid quarter of the brothels
Prediction: e
CER: 0.9904
WER: 1.0000

Sample 4:
Ground Truth: hello bertie any good in your mind
Prediction: e
CER: 0.9706
WER: 1.0000

Sample 5:
Ground Truth: number ten fresh nelly is waiting on you good night husband
Prediction: e
CER: 0.9831
WER: 1.0000

Test completed. Results saved to ./results/
Average Character Error Rate: 12.5995
Average Word Error Rate: 12.8000
